  Dib.cpp
D:\Atence\git\UmDoYun\참고코드\D3DX\QuadtreeFrustum\Dib.cpp(24,1): warning C4996: 'fopen': This function or variable may be unsafe. Consider using fopen_s instead. To disable deprecation, use _CRT_SECURE_NO_WARNINGS. See online help for details.
C:\Program Files (x86)\Windows Kits\10\Include\10.0.18362.0\ucrt\stdio.h(208): message : 'fopen' 선언을 참조하십시오.
D:\Atence\git\UmDoYun\참고코드\D3DX\QuadtreeFrustum\Dib.cpp(47,1): warning C4996: 'fopen': This function or variable may be unsafe. Consider using fopen_s instead. To disable deprecation, use _CRT_SECURE_NO_WARNINGS. See online help for details.
  main.cpp
C:\Program Files (x86)\Windows Kits\10\Include\10.0.18362.0\ucrt\stdio.h(208): message : 'fopen' 선언을 참조하십시오.
  ZCamera.cpp
  ZFLog.cpp
D:\Atence\git\UmDoYun\참고코드\D3DX\QuadtreeFrustum\main.cpp(134,25): warning C4316: 'ZCamera': 힙에 할당된 개체가 16에 맞추어져 있지 않을 수도 있습니다
D:\Atence\git\UmDoYun\참고코드\D3DX\QuadtreeFrustum\ZFLog.cpp(64,1): warning C4996: '_strdate': This function or variable may be unsafe. Consider using _strdate_s instead. To disable deprecation, use _CRT_SECURE_NO_WARNINGS. See online help for details.
C:\Program Files (x86)\Windows Kits\10\Include\10.0.18362.0\ucrt\time.h(290): message : '_strdate' 선언을 참조하십시오.
D:\Atence\git\UmDoYun\참고코드\D3DX\QuadtreeFrustum\ZFLog.cpp(65,1): warning C4996: '_strtime': This function or variable may be unsafe. Consider using _strtime_s instead. To disable deprecation, use _CRT_SECURE_NO_WARNINGS. See online help for details.
C:\Program Files (x86)\Windows Kits\10\Include\10.0.18362.0\ucrt\time.h(306): message : '_strtime' 선언을 참조하십시오.
D:\Atence\git\UmDoYun\참고코드\D3DX\QuadtreeFrustum\ZFLog.cpp(66,1): warning C4996: 'vsprintf': This function or variable may be unsafe. Consider using vsprintf_s instead. To disable deprecation, use _CRT_SECURE_NO_WARNINGS. See online help for details.
C:\Program Files (x86)\Windows Kits\10\Include\10.0.18362.0\ucrt\stdio.h(1469): message : 'vsprintf' 선언을 참조하십시오.
D:\Atence\git\UmDoYun\참고코드\D3DX\QuadtreeFrustum\ZFLog.cpp(78,1): warning C4996: 'fopen': This function or variable may be unsafe. Consider using fopen_s instead. To disable deprecation, use _CRT_SECURE_NO_WARNINGS. See online help for details.
  ZFrustum.cpp
  ZQuadTree.cpp
  ZTerrain.cpp
  코드를 생성하고 있습니다...
C:\Program Files (x86)\Windows Kits\10\Include\10.0.18362.0\ucrt\stdio.h(208): message : 'fopen' 선언을 참조하십시오.
main.obj : error LNK2019: _Direct3DCreate9@4 외부 기호(참조 위치: "long __cdecl InitD3D(struct HWND__ *)" (?InitD3D@@YAJPAUHWND__@@@Z) 함수)에서 확인하지 못했습니다.
main.obj : error LNK2019: _D3DXVec3Normalize@8 외부 기호(참조 위치: "void __cdecl SetupLights(void)" (?SetupLights@@YAXXZ) 함수)에서 확인하지 못했습니다.
ZCamera.obj : error LNK2001: _D3DXVec3Normalize@8 외부 기호를 확인할 수 없습니다.
ZTerrain.obj : error LNK2001: _D3DXVec3Normalize@8 외부 기호를 확인할 수 없습니다.
main.obj : error LNK2019: _D3DXMatrixMultiply@12 외부 기호(참조 위치: "public: struct D3DXMATRIX __thiscall D3DXMATRIX::operator*(struct D3DXMATRIX const &)const " (??DD3DXMATRIX@@QBE?AU0@ABU0@@Z) 함수)에서 확인하지 못했습니다.
main.obj : error LNK2019: _D3DXMatrixLookAtLH@16 외부 기호(참조 위치: "void __cdecl InitMatrix(void)" (?InitMatrix@@YAXXZ) 함수)에서 확인하지 못했습니다.
ZCamera.obj : error LNK2001: _D3DXMatrixLookAtLH@16 외부 기호를 확인할 수 없습니다.
main.obj : error LNK2019: _D3DXMatrixPerspectiveFovLH@20 외부 기호(참조 위치: "void __cdecl InitMatrix(void)" (?InitMatrix@@YAXXZ) 함수)에서 확인하지 못했습니다.
ZCamera.obj : error LNK2019: _D3DXVec3TransformCoord@12 외부 기호(참조 위치: "public: struct _D3DXMATRIXA16 * __thiscall ZCamera::RotateLocalX(float)" (?RotateLocalX@ZCamera@@QAEPAU_D3DXMATRIXA16@@M@Z) 함수)에서 확인하지 못했습니다.
ZFrustum.obj : error LNK2001: _D3DXVec3TransformCoord@12 외부 기호를 확인할 수 없습니다.
ZCamera.obj : error LNK2019: _D3DXMatrixInverse@12 외부 기호(참조 위치: "public: struct _D3DXMATRIXA16 * __thiscall ZCamera::SetView(struct D3DXVECTOR3 *,struct D3DXVECTOR3 *,struct D3DXVECTOR3 *)" (?SetView@ZCamera@@QAEPAU_D3DXMATRIXA16@@PAUD3DXVECTOR3@@00@Z) 함수)에서 확인하지 못했습니다.
ZFrustum.obj : error LNK2001: _D3DXMatrixInverse@12 외부 기호를 확인할 수 없습니다.
ZCamera.obj : error LNK2019: _D3DXMatrixRotationAxis@12 외부 기호(참조 위치: "public: struct _D3DXMATRIXA16 * __thiscall ZCamera::RotateLocalX(float)" (?RotateLocalX@ZCamera@@QAEPAU_D3DXMATRIXA16@@M@Z) 함수)에서 확인하지 못했습니다.
ZFrustum.obj : error LNK2019: _D3DXPlaneFromPoints@16 외부 기호(참조 위치: "public: int __thiscall ZFrustum::Make(struct _D3DXMATRIXA16 *)" (?Make@ZFrustum@@QAEHPAU_D3DXMATRIXA16@@@Z) 함수)에서 확인하지 못했습니다.
ZTerrain.obj : error LNK2019: _D3DXCreateTextureFromFileA@12 외부 기호(참조 위치: "private: long __thiscall ZTerrain::_LoadTextures(char const * * const)" (?_LoadTextures@ZTerrain@@AAEJQAPBD@Z) 함수)에서 확인하지 못했습니다.
D:\Atence\git\UmDoYun\참고코드\D3DX\QuadtreeFrustum\Debug\QuadtreeFrustum.exe : fatal error LNK1120: 10개의 확인할 수 없는 외부 참조입니다.
