  BonusBit.cpp
D:\Atence\visual\Circus\Circus\BonusBit.cpp(16,9): warning C4244: '=': 'float'에서 'int'(으)로 변환하면서 데이터가 손실될 수 있습니다.
D:\Atence\visual\Circus\Circus\BonusBit.cpp(31,17): warning C4244: '+=': 'float'에서 'int'(으)로 변환하면서 데이터가 손실될 수 있습니다.
D:\Atence\visual\Circus\Circus\BonusBit.cpp(36,18): warning C4244: '=': 'double'에서 'int'(으)로 변환하면서 데이터가 손실될 수 있습니다.
D:\Atence\visual\Circus\Circus\BonusBit.cpp(37,18): warning C4244: '=': 'double'에서 'int'(으)로 변환하면서 데이터가 손실될 수 있습니다.
D:\Atence\visual\Circus\Circus\BonusBit.cpp(45,94): warning C4244: '인수': 'double'에서 'int'(으)로 변환하면서 데이터가 손실될 수 있습니다.
  EnemyFire.cpp
D:\Atence\visual\Circus\Circus\BonusBit.cpp(45,74): warning C4244: '인수': 'double'에서 'int'(으)로 변환하면서 데이터가 손실될 수 있습니다.
D:\Atence\visual\Circus\Circus\EnemyFire.cpp(13,13): warning C4244: '=': 'float'에서 'int'(으)로 변환하면서 데이터가 손실될 수 있습니다.
D:\Atence\visual\Circus\Circus\EnemyFire.cpp(29,19): warning C4244: '=': 'double'에서 'int'(으)로 변환하면서 데이터가 손실될 수 있습니다.
D:\Atence\visual\Circus\Circus\EnemyFire.cpp(30,19): warning C4244: '=': 'double'에서 'int'(으)로 변환하면서 데이터가 손실될 수 있습니다.
D:\Atence\visual\Circus\Circus\EnemyFire.cpp(44,76): warning C4244: '인수': 'double'에서 'int'(으)로 변환하면서 데이터가 손실될 수 있습니다.
  EnemyFrontBit.cpp
D:\Atence\visual\Circus\Circus\EnemyFire.cpp(44,56): warning C4244: '인수': 'double'에서 'int'(으)로 변환하면서 데이터가 손실될 수 있습니다.
D:\Atence\visual\Circus\Circus\EnemyFrontBit.cpp(16,11): warning C4244: '=': 'float'에서 'int'(으)로 변환하면서 데이터가 손실될 수 있습니다.
D:\Atence\visual\Circus\Circus\EnemyFrontBit.cpp(31,20): warning C4244: '+=': 'float'에서 'int'(으)로 변환하면서 데이터가 손실될 수 있습니다.
D:\Atence\visual\Circus\Circus\EnemyFrontBit.cpp(36,18): warning C4244: '=': 'double'에서 'int'(으)로 변환하면서 데이터가 손실될 수 있습니다.
D:\Atence\visual\Circus\Circus\EnemyFrontBit.cpp(37,18): warning C4244: '=': 'double'에서 'int'(으)로 변환하면서 데이터가 손실될 수 있습니다.
D:\Atence\visual\Circus\Circus\EnemyFrontBit.cpp(46,84): warning C4244: '인수': 'double'에서 'int'(으)로 변환하면서 데이터가 손실될 수 있습니다.
  GameManager.cpp
D:\Atence\visual\Circus\Circus\EnemyFrontBit.cpp(46,68): warning C4244: '인수': 'double'에서 'int'(으)로 변환하면서 데이터가 손실될 수 있습니다.
D:\Atence\visual\Circus\Circus\GameManager.cpp(70,20): warning C4018: '<': signed 또는 unsigned가 일치하지 않습니다.
D:\Atence\visual\Circus\Circus\GameManager.cpp(82,20): warning C4018: '<': signed 또는 unsigned가 일치하지 않습니다.
  코드를 생성하고 있습니다...
D:\Atence\visual\Circus\Circus\GameManager.cpp(93,20): warning C4018: '<': signed 또는 unsigned가 일치하지 않습니다.
  Circus.vcxproj -> D:\Atence\visual\Circus\Debug\Circus.exe
