c:\users\djawl\desktop\bitmap\bitmap\x64\debug\vc142.pdb
c:\users\djawl\desktop\bitmap\bitmap\x64\debug\vc142.idb
c:\users\djawl\desktop\bitmap\bitmap\x64\debug\winmain.obj
c:\users\djawl\desktop\bitmap\bitmap\x64\debug\bitmapmanager.obj
c:\users\djawl\desktop\bitmap\bitmap\x64\debug\bitmap.obj
c:\users\djawl\desktop\bitmap\bitmap\x64\debug\animal.obj
d:\atence\git\umdoyun\과제제출\bitmap\bitmap\x64\debug\vc142.pdb
d:\atence\git\umdoyun\과제제출\bitmap\bitmap\x64\debug\vc142.idb
d:\atence\git\umdoyun\과제제출\bitmap\bitmap\x64\debug\winmain.obj
d:\atence\git\umdoyun\과제제출\bitmap\bitmap\x64\debug\bitmapmanager.obj
d:\atence\git\umdoyun\과제제출\bitmap\bitmap\x64\debug\bitmap.obj
d:\atence\git\umdoyun\과제제출\bitmap\bitmap\x64\debug\animal.obj
c:\users\djawl\desktop\bitmap\x64\debug\bitmap.exe
c:\users\djawl\desktop\bitmap\x64\debug\bitmap.ilk
c:\users\djawl\desktop\bitmap\x64\debug\bitmap.pdb
c:\users\djawl\desktop\bitmap\bitmap\x64\debug\bitmap.res
d:\atence\git\umdoyun\과제제출\bitmap\bitmap\x64\debug\bitmap.res
d:\atence\git\umdoyun\과제제출\bitmap\bitmap\x64\debug\bitmap.ilk
d:\atence\git\umdoyun\과제제출\bitmap\bitmap\x64\debug\vc141.idb
d:\atence\git\umdoyun\과제제출\bitmap\bitmap\x64\debug\bitmap.pdb
d:\atence\git\umdoyun\과제제출\bitmap\bitmap\x64\debug\vc141.pdb
d:\atence\git\umdoyun\과제제출\bitmap\x64\debug\bitmap.pdb
d:\atence\git\umdoyun\과제제출\bitmap\bitmap\x64\debug\bitmap.tlog\cl.command.1.tlog
d:\atence\git\umdoyun\과제제출\bitmap\bitmap\x64\debug\bitmap.tlog\cl.read.1.tlog
d:\atence\git\umdoyun\과제제출\bitmap\bitmap\x64\debug\bitmap.tlog\cl.write.1.tlog
d:\atence\git\umdoyun\과제제출\bitmap\bitmap\x64\debug\bitmap.tlog\link.command.1.tlog
d:\atence\git\umdoyun\과제제출\bitmap\bitmap\x64\debug\bitmap.tlog\link.read.1.tlog
d:\atence\git\umdoyun\과제제출\bitmap\bitmap\x64\debug\bitmap.tlog\link.write.1.tlog
d:\atence\git\umdoyun\과제제출\bitmap\bitmap\x64\debug\bitmap.tlog\rc.command.1.tlog
d:\atence\git\umdoyun\과제제출\bitmap\bitmap\x64\debug\bitmap.tlog\rc.read.1.tlog
d:\atence\git\umdoyun\과제제출\bitmap\bitmap\x64\debug\bitmap.tlog\rc.write.1.tlog
