  CharacterFactory.cpp
  Game.cpp
D:\Atence\git\UmDoYun\과제제출\Pattern_RPG_RE\Pattern_RPG_RE\MapDraw.h(19,17): warning C4838: 'int'에서 'SHORT'(으)로의 변환에는 축소 변환이 필요합니다.
  GameManager.cpp
D:\Atence\git\UmDoYun\과제제출\Pattern_RPG_RE\Pattern_RPG_RE\MapDraw.h(19,20): warning C4838: 'int'에서 'SHORT'(으)로의 변환에는 축소 변환이 필요합니다.
D:\Atence\git\UmDoYun\과제제출\Pattern_RPG_RE\Pattern_RPG_RE\MapDraw.h(19,17): warning C4838: 'int'에서 'SHORT'(으)로의 변환에는 축소 변환이 필요합니다.
  Interface.cpp
D:\Atence\git\UmDoYun\과제제출\Pattern_RPG_RE\Pattern_RPG_RE\MapDraw.h(19,20): warning C4838: 'int'에서 'SHORT'(으)로의 변환에는 축소 변환이 필요합니다.
D:\Atence\git\UmDoYun\과제제출\Pattern_RPG_RE\Pattern_RPG_RE\MapDraw.h(19,17): warning C4838: 'int'에서 'SHORT'(으)로의 변환에는 축소 변환이 필요합니다.
  main.cpp
D:\Atence\git\UmDoYun\과제제출\Pattern_RPG_RE\Pattern_RPG_RE\MapDraw.h(19,20): warning C4838: 'int'에서 'SHORT'(으)로의 변환에는 축소 변환이 필요합니다.
D:\Atence\git\UmDoYun\과제제출\Pattern_RPG_RE\Pattern_RPG_RE\MapDraw.h(19,17): warning C4838: 'int'에서 'SHORT'(으)로의 변환에는 축소 변환이 필요합니다.
  MapDraw.cpp
D:\Atence\git\UmDoYun\과제제출\Pattern_RPG_RE\Pattern_RPG_RE\MapDraw.h(19,20): warning C4838: 'int'에서 'SHORT'(으)로의 변환에는 축소 변환이 필요합니다.
D:\Atence\git\UmDoYun\과제제출\Pattern_RPG_RE\Pattern_RPG_RE\MapDraw.h(19,17): warning C4838: 'int'에서 'SHORT'(으)로의 변환에는 축소 변환이 필요합니다.
D:\Atence\git\UmDoYun\과제제출\Pattern_RPG_RE\Pattern_RPG_RE\MapDraw.h(19,20): warning C4838: 'int'에서 'SHORT'(으)로의 변환에는 축소 변환이 필요합니다.
D:\Atence\git\UmDoYun\과제제출\Pattern_RPG_RE\Pattern_RPG_RE\MapDraw.cpp(27,22): warning C4267: '-=': 'size_t'에서 'int'(으)로 변환하면서 데이터가 손실될 수 있습니다.
D:\Atence\git\UmDoYun\과제제출\Pattern_RPG_RE\Pattern_RPG_RE\MapDraw.cpp(89,1): warning C4996: 'getch': The POSIX name for this item is deprecated. Instead, use the ISO C and C++ conformant name: _getch. See online help for details.
  MonsterFactory.cpp
C:\Program Files (x86)\Windows Kits\10\Include\10.0.18362.0\ucrt\conio.h(453): message : 'getch' 선언을 참조하십시오.
D:\Atence\git\UmDoYun\과제제출\Pattern_RPG_RE\Pattern_RPG_RE\MapDraw.h(19,17): warning C4838: 'int'에서 'SHORT'(으)로의 변환에는 축소 변환이 필요합니다.
D:\Atence\git\UmDoYun\과제제출\Pattern_RPG_RE\Pattern_RPG_RE\MapDraw.h(19,20): warning C4838: 'int'에서 'SHORT'(으)로의 변환에는 축소 변환이 필요합니다.
D:\Atence\git\UmDoYun\과제제출\Pattern_RPG_RE\Pattern_RPG_RE\MonsterFactory.cpp(213,1): warning C4996: 'strcpy': This function or variable may be unsafe. Consider using strcpy_s instead. To disable deprecation, use _CRT_SECURE_NO_WARNINGS. See online help for details.
C:\Program Files (x86)\Windows Kits\10\Include\10.0.18362.0\ucrt\string.h(133): message : 'strcpy' 선언을 참조하십시오.
D:\Atence\git\UmDoYun\과제제출\Pattern_RPG_RE\Pattern_RPG_RE\MonsterFactory.cpp(216,1): warning C4996: 'strtok': This function or variable may be unsafe. Consider using strtok_s instead. To disable deprecation, use _CRT_SECURE_NO_WARNINGS. See online help for details.
C:\Program Files (x86)\Windows Kits\10\Include\10.0.18362.0\ucrt\string.h(440): message : 'strtok' 선언을 참조하십시오.
D:\Atence\git\UmDoYun\과제제출\Pattern_RPG_RE\Pattern_RPG_RE\MonsterFactory.cpp(218,1): warning C4996: 'strtok': This function or variable may be unsafe. Consider using strtok_s instead. To disable deprecation, use _CRT_SECURE_NO_WARNINGS. See online help for details.
C:\Program Files (x86)\Windows Kits\10\Include\10.0.18362.0\ucrt\string.h(440): message : 'strtok' 선언을 참조하십시오.
D:\Atence\git\UmDoYun\과제제출\Pattern_RPG_RE\Pattern_RPG_RE\MonsterFactory.cpp(220,1): warning C4996: 'strtok': This function or variable may be unsafe. Consider using strtok_s instead. To disable deprecation, use _CRT_SECURE_NO_WARNINGS. See online help for details.
C:\Program Files (x86)\Windows Kits\10\Include\10.0.18362.0\ucrt\string.h(440): message : 'strtok' 선언을 참조하십시오.
D:\Atence\git\UmDoYun\과제제출\Pattern_RPG_RE\Pattern_RPG_RE\MonsterFactory.cpp(222,1): warning C4996: 'strtok': This function or variable may be unsafe. Consider using strtok_s instead. To disable deprecation, use _CRT_SECURE_NO_WARNINGS. See online help for details.
C:\Program Files (x86)\Windows Kits\10\Include\10.0.18362.0\ucrt\string.h(440): message : 'strtok' 선언을 참조하십시오.
D:\Atence\git\UmDoYun\과제제출\Pattern_RPG_RE\Pattern_RPG_RE\MonsterFactory.cpp(224,1): warning C4996: 'strtok': This function or variable may be unsafe. Consider using strtok_s instead. To disable deprecation, use _CRT_SECURE_NO_WARNINGS. See online help for details.
C:\Program Files (x86)\Windows Kits\10\Include\10.0.18362.0\ucrt\string.h(440): message : 'strtok' 선언을 참조하십시오.
D:\Atence\git\UmDoYun\과제제출\Pattern_RPG_RE\Pattern_RPG_RE\MonsterFactory.cpp(226,1): warning C4996: 'strtok': This function or variable may be unsafe. Consider using strtok_s instead. To disable deprecation, use _CRT_SECURE_NO_WARNINGS. See online help for details.
C:\Program Files (x86)\Windows Kits\10\Include\10.0.18362.0\ucrt\string.h(440): message : 'strtok' 선언을 참조하십시오.
D:\Atence\git\UmDoYun\과제제출\Pattern_RPG_RE\Pattern_RPG_RE\MonsterFactory.cpp(228,1): warning C4996: 'strtok': This function or variable may be unsafe. Consider using strtok_s instead. To disable deprecation, use _CRT_SECURE_NO_WARNINGS. See online help for details.
  MonsterManager.cpp
  Player.cpp
  WeaponFactory.cpp
C:\Program Files (x86)\Windows Kits\10\Include\10.0.18362.0\ucrt\string.h(440): message : 'strtok' 선언을 참조하십시오.
D:\Atence\git\UmDoYun\과제제출\Pattern_RPG_RE\Pattern_RPG_RE\MapDraw.h(19,17): warning C4838: 'int'에서 'SHORT'(으)로의 변환에는 축소 변환이 필요합니다.
D:\Atence\git\UmDoYun\과제제출\Pattern_RPG_RE\Pattern_RPG_RE\MapDraw.h(19,20): warning C4838: 'int'에서 'SHORT'(으)로의 변환에는 축소 변환이 필요합니다.
D:\Atence\git\UmDoYun\과제제출\Pattern_RPG_RE\Pattern_RPG_RE\WeaponFactory.cpp(261,1): warning C4996: 'strcpy': This function or variable may be unsafe. Consider using strcpy_s instead. To disable deprecation, use _CRT_SECURE_NO_WARNINGS. See online help for details.
C:\Program Files (x86)\Windows Kits\10\Include\10.0.18362.0\ucrt\string.h(133): message : 'strcpy' 선언을 참조하십시오.
D:\Atence\git\UmDoYun\과제제출\Pattern_RPG_RE\Pattern_RPG_RE\WeaponFactory.cpp(264,1): warning C4996: 'strtok': This function or variable may be unsafe. Consider using strtok_s instead. To disable deprecation, use _CRT_SECURE_NO_WARNINGS. See online help for details.
C:\Program Files (x86)\Windows Kits\10\Include\10.0.18362.0\ucrt\string.h(440): message : 'strtok' 선언을 참조하십시오.
D:\Atence\git\UmDoYun\과제제출\Pattern_RPG_RE\Pattern_RPG_RE\WeaponFactory.cpp(266,1): warning C4996: 'strtok': This function or variable may be unsafe. Consider using strtok_s instead. To disable deprecation, use _CRT_SECURE_NO_WARNINGS. See online help for details.
C:\Program Files (x86)\Windows Kits\10\Include\10.0.18362.0\ucrt\string.h(440): message : 'strtok' 선언을 참조하십시오.
D:\Atence\git\UmDoYun\과제제출\Pattern_RPG_RE\Pattern_RPG_RE\WeaponFactory.cpp(268,1): warning C4996: 'strtok': This function or variable may be unsafe. Consider using strtok_s instead. To disable deprecation, use _CRT_SECURE_NO_WARNINGS. See online help for details.
C:\Program Files (x86)\Windows Kits\10\Include\10.0.18362.0\ucrt\string.h(440): message : 'strtok' 선언을 참조하십시오.
D:\Atence\git\UmDoYun\과제제출\Pattern_RPG_RE\Pattern_RPG_RE\WeaponFactory.cpp(270,1): warning C4996: 'strtok': This function or variable may be unsafe. Consider using strtok_s instead. To disable deprecation, use _CRT_SECURE_NO_WARNINGS. See online help for details.
C:\Program Files (x86)\Windows Kits\10\Include\10.0.18362.0\ucrt\string.h(440): message : 'strtok' 선언을 참조하십시오.
D:\Atence\git\UmDoYun\과제제출\Pattern_RPG_RE\Pattern_RPG_RE\WeaponFactory.cpp(272,1): warning C4996: 'strtok': This function or variable may be unsafe. Consider using strtok_s instead. To disable deprecation, use _CRT_SECURE_NO_WARNINGS. See online help for details.
  WeaponManager.cpp
  코드를 생성하고 있습니다...
C:\Program Files (x86)\Windows Kits\10\Include\10.0.18362.0\ucrt\string.h(440): message : 'strtok' 선언을 참조하십시오.
D:\Atence\git\UmDoYun\과제제출\Pattern_RPG_RE\Pattern_RPG_RE\Game.cpp(264): warning C4715: 'RPG_Game::Create_View': 모든 제어 경로에서 값을 반환하지는 않습니다.
D:\Atence\git\UmDoYun\과제제출\Pattern_RPG_RE\Pattern_RPG_RE\Game.cpp(323): warning C4715: 'RPG_Game::Create_Weapon': 모든 제어 경로에서 값을 반환하지는 않습니다.
D:\Atence\git\UmDoYun\과제제출\Pattern_RPG_RE\Pattern_RPG_RE\Game.cpp(301): warning C4715: 'RPG_Game::Create_Monster': 모든 제어 경로에서 값을 반환하지는 않습니다.
D:\Atence\git\UmDoYun\과제제출\Pattern_RPG_RE\Pattern_RPG_RE\Game.cpp(279): warning C4715: 'RPG_Game::Create_Char': 모든 제어 경로에서 값을 반환하지는 않습니다.
D:\Atence\git\UmDoYun\과제제출\Pattern_RPG_RE\Pattern_RPG_RE\CharacterFactory.cpp(65): warning C4715: 'Knight::EquipCheck': 모든 제어 경로에서 값을 반환하지는 않습니다.
D:\Atence\git\UmDoYun\과제제출\Pattern_RPG_RE\Pattern_RPG_RE\CharacterFactory.cpp(102): warning C4715: 'Archer::EquipCheck': 모든 제어 경로에서 값을 반환하지는 않습니다.
  Pattern_RPG_RE.vcxproj -> D:\Atence\git\UmDoYun\과제제출\Pattern_RPG_RE\x64\Debug\Pattern_RPG_RE.exe
