  Bishop.cpp
  BitMap.cpp
D:\Atence\visual\Chese\Chese\BitMap.cpp(25,104): error C2664: 'HANDLE LoadImageW(HINSTANCE,LPCWSTR,UINT,int,int,UINT)': 인수 2을(를) 'LPCSTR'에서 'LPCWSTR'(으)로 변환할 수 없습니다.
D:\Atence\visual\Chese\Chese\BitMap.cpp(25,36): message : 가리킨 형식이 관련이 없습니다. 변환하려면 reinterpret_cast, C 스타일 캐스트 또는 함수 스타일 캐스트가 필요합니다.
C:\Program Files (x86)\Windows Kits\10\Include\10.0.18362.0\um\winuser.h(10815,1): message : 'LoadImageW' 선언을 참조하십시오.
D:\Atence\visual\Chese\Chese\BitMap.cpp(43,67): warning C4244: '인수': 'double'에서 'int'(으)로 변환하면서 데이터가 손실될 수 있습니다.
D:\Atence\visual\Chese\Chese\BitMap.cpp(43,42): warning C4244: '인수': 'double'에서 'int'(으)로 변환하면서 데이터가 손실될 수 있습니다.
D:\Atence\visual\Chese\Chese\BitMap.cpp(63,63): warning C4244: '인수': 'double'에서 'int'(으)로 변환하면서 데이터가 손실될 수 있습니다.
  BitMapManager.cpp
D:\Atence\visual\Chese\Chese\BitMap.cpp(63,38): warning C4244: '인수': 'double'에서 'int'(으)로 변환하면서 데이터가 손실될 수 있습니다.
D:\Atence\visual\Chese\Chese\BitMapManager.cpp(38,39): error C2664: 'int wsprintfW(LPWSTR,LPCWSTR,...)': 인수 2을(를) 'const char [18]'에서 'LPCWSTR'(으)로 변환할 수 없습니다.
D:\Atence\visual\Chese\Chese\BitMapManager.cpp(38,17): message : 가리킨 형식이 관련이 없습니다. 변환하려면 reinterpret_cast, C 스타일 캐스트 또는 함수 스타일 캐스트가 필요합니다.
C:\Program Files (x86)\Windows Kits\10\Include\10.0.18362.0\um\winuser.h(333,1): message : 'wsprintfW' 선언을 참조하십시오.
D:\Atence\visual\Chese\Chese\BitMapManager.cpp(39,28): error C2664: 'void BitMap::Bit_Init(HWND,LPCSTR)': 인수 2을(를) 'TCHAR [256]'에서 'LPCSTR'(으)로 변환할 수 없습니다.
D:\Atence\visual\Chese\Chese\BitMapManager.cpp(39,25): message : 가리킨 형식이 관련이 없습니다. 변환하려면 reinterpret_cast, C 스타일 캐스트 또는 함수 스타일 캐스트가 필요합니다.
D:\Atence\visual\Chese\Chese\BitMap.h(31,7): message : 'BitMap::Bit_Init' 선언을 참조하십시오.
D:\Atence\visual\Chese\Chese\BitMapManager.cpp(109,42): error C2664: 'int wsprintfW(LPWSTR,LPCWSTR,...)': 인수 2을(를) 'const char [21]'에서 'LPCWSTR'(으)로 변환할 수 없습니다.
D:\Atence\visual\Chese\Chese\BitMapManager.cpp(109,17): message : 가리킨 형식이 관련이 없습니다. 변환하려면 reinterpret_cast, C 스타일 캐스트 또는 함수 스타일 캐스트가 필요합니다.
C:\Program Files (x86)\Windows Kits\10\Include\10.0.18362.0\um\winuser.h(333,1): message : 'wsprintfW' 선언을 참조하십시오.
D:\Atence\visual\Chese\Chese\BitMapManager.cpp(110,28): error C2664: 'void BitMap::Bit_Init(HWND,LPCSTR)': 인수 2을(를) 'TCHAR [256]'에서 'LPCSTR'(으)로 변환할 수 없습니다.
D:\Atence\visual\Chese\Chese\BitMapManager.cpp(110,25): message : 가리킨 형식이 관련이 없습니다. 변환하려면 reinterpret_cast, C 스타일 캐스트 또는 함수 스타일 캐스트가 필요합니다.
D:\Atence\visual\Chese\Chese\BitMap.h(31,7): message : 'BitMap::Bit_Init' 선언을 참조하십시오.
D:\Atence\visual\Chese\Chese\BitMapManager.cpp(118,42): error C2664: 'int wsprintfW(LPWSTR,LPCWSTR,...)': 인수 2을(를) 'const char [21]'에서 'LPCWSTR'(으)로 변환할 수 없습니다.
D:\Atence\visual\Chese\Chese\BitMapManager.cpp(118,17): message : 가리킨 형식이 관련이 없습니다. 변환하려면 reinterpret_cast, C 스타일 캐스트 또는 함수 스타일 캐스트가 필요합니다.
C:\Program Files (x86)\Windows Kits\10\Include\10.0.18362.0\um\winuser.h(333,1): message : 'wsprintfW' 선언을 참조하십시오.
D:\Atence\visual\Chese\Chese\BitMapManager.cpp(119,28): error C2664: 'void BitMap::Bit_Init(HWND,LPCSTR)': 인수 2을(를) 'TCHAR [256]'에서 'LPCSTR'(으)로 변환할 수 없습니다.
D:\Atence\visual\Chese\Chese\BitMapManager.cpp(119,25): message : 가리킨 형식이 관련이 없습니다. 변환하려면 reinterpret_cast, C 스타일 캐스트 또는 함수 스타일 캐스트가 필요합니다.
  ChessGame.cpp
  GameManager.cpp
  King.cpp
  Knight.cpp
  Pawn.cpp
  Player.cpp
D:\Atence\visual\Chese\Chese\BitMap.h(31,7): message : 'BitMap::Bit_Init' 선언을 참조하십시오.
D:\Atence\visual\Chese\Chese\Player.cpp(102,14): warning C4244: '초기화 중': 'double'에서 'int'(으)로 변환하면서 데이터가 손실될 수 있습니다.
D:\Atence\visual\Chese\Chese\Player.cpp(103,14): warning C4244: '초기화 중': 'double'에서 'int'(으)로 변환하면서 데이터가 손실될 수 있습니다.
D:\Atence\visual\Chese\Chese\Player.cpp(135,14): warning C4244: '초기화 중': 'double'에서 'int'(으)로 변환하면서 데이터가 손실될 수 있습니다.
  Queen.cpp
  Rook.cpp
  UnitFactory.cpp
  winMain.cpp
  코드를 생성하고 있습니다...
D:\Atence\visual\Chese\Chese\Player.cpp(136,14): warning C4244: '초기화 중': 'double'에서 'int'(으)로 변환하면서 데이터가 손실될 수 있습니다.
D:\Atence\visual\Chese\Chese\Player.cpp(221): warning C4715: 'Player::Generate_Class': 모든 제어 경로에서 값을 반환하지는 않습니다.
