  Circus.cpp
D:\Atence\visual\Circus\Circus\Circus.cpp(97,63): error C2664: 'int MessageBoxW(HWND,LPCWSTR,LPCWSTR,UINT)': 인수 2을(를) 'const char [18]'에서 'LPCWSTR'(으)로 변환할 수 없습니다.
D:\Atence\visual\Circus\Circus\Circus.cpp(97,20): message : 가리킨 형식이 관련이 없습니다. 변환하려면 reinterpret_cast, C 스타일 캐스트 또는 함수 스타일 캐스트가 필요합니다.
C:\Program Files (x86)\Windows Kits\10\Include\10.0.18362.0\um\winuser.h(9153,1): message : 'MessageBoxW' 선언을 참조하십시오.
D:\Atence\visual\Circus\Circus\Circus.cpp(103,69): error C2664: 'int MessageBoxW(HWND,LPCWSTR,LPCWSTR,UINT)': 인수 2을(를) 'const char [21]'에서 'LPCWSTR'(으)로 변환할 수 없습니다.
D:\Atence\visual\Circus\Circus\Circus.cpp(103,20): message : 가리킨 형식이 관련이 없습니다. 변환하려면 reinterpret_cast, C 스타일 캐스트 또는 함수 스타일 캐스트가 필요합니다.
C:\Program Files (x86)\Windows Kits\10\Include\10.0.18362.0\um\winuser.h(9153,1): message : 'MessageBoxW' 선언을 참조하십시오.
D:\Atence\visual\Circus\Circus\Circus.cpp(109,6): error C2664: 'int MessageBoxW(HWND,LPCWSTR,LPCWSTR,UINT)': 인수 2을(를) 'const char [28]'에서 'LPCWSTR'(으)로 변환할 수 없습니다.
D:\Atence\visual\Circus\Circus\Circus.cpp(109,24): message : 가리킨 형식이 관련이 없습니다. 변환하려면 reinterpret_cast, C 스타일 캐스트 또는 함수 스타일 캐스트가 필요합니다.
  EnemyFire.cpp
C:\Program Files (x86)\Windows Kits\10\Include\10.0.18362.0\um\winuser.h(9153,1): message : 'MessageBoxW' 선언을 참조하십시오.
D:\Atence\visual\Circus\Circus\EnemyFire.cpp(13,13): warning C4244: '=': 'float'에서 'int'(으)로 변환하면서 데이터가 손실될 수 있습니다.
D:\Atence\visual\Circus\Circus\EnemyFire.cpp(17,38): error C2664: 'int wsprintfW(LPWSTR,LPCWSTR,...)': 인수 2을(를) 'const char [16]'에서 'LPCWSTR'(으)로 변환할 수 없습니다.
D:\Atence\visual\Circus\Circus\EnemyFire.cpp(17,17): message : 가리킨 형식이 관련이 없습니다. 변환하려면 reinterpret_cast, C 스타일 캐스트 또는 함수 스타일 캐스트가 필요합니다.
C:\Program Files (x86)\Windows Kits\10\Include\10.0.18362.0\um\winuser.h(333,1): message : 'wsprintfW' 선언을 참조하십시오.
D:\Atence\visual\Circus\Circus\EnemyFire.cpp(29,19): warning C4244: '=': 'double'에서 'int'(으)로 변환하면서 데이터가 손실될 수 있습니다.
D:\Atence\visual\Circus\Circus\EnemyFire.cpp(30,19): warning C4244: '=': 'double'에서 'int'(으)로 변환하면서 데이터가 손실될 수 있습니다.
D:\Atence\visual\Circus\Circus\EnemyFire.cpp(44,76): warning C4244: '인수': 'double'에서 'int'(으)로 변환하면서 데이터가 손실될 수 있습니다.
  EnemyFrontBit.cpp
D:\Atence\visual\Circus\Circus\EnemyFire.cpp(44,56): warning C4244: '인수': 'double'에서 'int'(으)로 변환하면서 데이터가 손실될 수 있습니다.
D:\Atence\visual\Circus\Circus\EnemyFrontBit.cpp(16,11): warning C4244: '=': 'float'에서 'int'(으)로 변환하면서 데이터가 손실될 수 있습니다.
D:\Atence\visual\Circus\Circus\EnemyFrontBit.cpp(18,135): error C2664: 'HANDLE LoadImageW(HINSTANCE,LPCWSTR,UINT,int,int,UINT)': 인수 2을(를) 'const char [17]'에서 'LPCWSTR'(으)로 변환할 수 없습니다.
D:\Atence\visual\Circus\Circus\EnemyFrontBit.cpp(18,40): message : 가리킨 형식이 관련이 없습니다. 변환하려면 reinterpret_cast, C 스타일 캐스트 또는 함수 스타일 캐스트가 필요합니다.
C:\Program Files (x86)\Windows Kits\10\Include\10.0.18362.0\um\winuser.h(10815,1): message : 'LoadImageW' 선언을 참조하십시오.
D:\Atence\visual\Circus\Circus\EnemyFrontBit.cpp(31,20): warning C4244: '+=': 'float'에서 'int'(으)로 변환하면서 데이터가 손실될 수 있습니다.
D:\Atence\visual\Circus\Circus\EnemyFrontBit.cpp(36,18): warning C4244: '=': 'double'에서 'int'(으)로 변환하면서 데이터가 손실될 수 있습니다.
D:\Atence\visual\Circus\Circus\EnemyFrontBit.cpp(37,18): warning C4244: '=': 'double'에서 'int'(으)로 변환하면서 데이터가 손실될 수 있습니다.
D:\Atence\visual\Circus\Circus\EnemyFrontBit.cpp(46,84): warning C4244: '인수': 'double'에서 'int'(으)로 변환하면서 데이터가 손실될 수 있습니다.
  EnenmyBackBit.cpp
D:\Atence\visual\Circus\Circus\EnemyFrontBit.cpp(46,68): warning C4244: '인수': 'double'에서 'int'(으)로 변환하면서 데이터가 손실될 수 있습니다.
D:\Atence\visual\Circus\Circus\EnenmyBackBit.cpp(17,11): warning C4244: '=': 'float'에서 'int'(으)로 변환하면서 데이터가 손실될 수 있습니다.
D:\Atence\visual\Circus\Circus\EnenmyBackBit.cpp(19,135): error C2664: 'HANDLE LoadImageW(HINSTANCE,LPCWSTR,UINT,int,int,UINT)': 인수 2을(를) 'const char [17]'에서 'LPCWSTR'(으)로 변환할 수 없습니다.
D:\Atence\visual\Circus\Circus\EnenmyBackBit.cpp(19,40): message : 가리킨 형식이 관련이 없습니다. 변환하려면 reinterpret_cast, C 스타일 캐스트 또는 함수 스타일 캐스트가 필요합니다.
C:\Program Files (x86)\Windows Kits\10\Include\10.0.18362.0\um\winuser.h(10815,1): message : 'LoadImageW' 선언을 참조하십시오.
D:\Atence\visual\Circus\Circus\EnenmyBackBit.cpp(32,20): warning C4244: '+=': 'float'에서 'int'(으)로 변환하면서 데이터가 손실될 수 있습니다.
D:\Atence\visual\Circus\Circus\EnenmyBackBit.cpp(34,91): warning C4244: '인수': 'double'에서 'int'(으)로 변환하면서 데이터가 손실될 수 있습니다.
  GameManager.cpp
D:\Atence\visual\Circus\Circus\EnenmyBackBit.cpp(34,75): warning C4244: '인수': 'double'에서 'int'(으)로 변환하면서 데이터가 손실될 수 있습니다.
D:\Atence\visual\Circus\Circus\GameManager.cpp(57,48): error C2664: 'int MessageBoxW(HWND,LPCWSTR,LPCWSTR,UINT)': 인수 2을(를) 'const char [8]'에서 'LPCWSTR'(으)로 변환할 수 없습니다.
D:\Atence\visual\Circus\Circus\GameManager.cpp(57,21): message : 가리킨 형식이 관련이 없습니다. 변환하려면 reinterpret_cast, C 스타일 캐스트 또는 함수 스타일 캐스트가 필요합니다.
C:\Program Files (x86)\Windows Kits\10\Include\10.0.18362.0\um\winuser.h(9153,1): message : 'MessageBoxW' 선언을 참조하십시오.
D:\Atence\visual\Circus\Circus\GameManager.cpp(67,48): error C2664: 'int MessageBoxW(HWND,LPCWSTR,LPCWSTR,UINT)': 인수 2을(를) 'const char [8]'에서 'LPCWSTR'(으)로 변환할 수 없습니다.
D:\Atence\visual\Circus\Circus\GameManager.cpp(67,21): message : 가리킨 형식이 관련이 없습니다. 변환하려면 reinterpret_cast, C 스타일 캐스트 또는 함수 스타일 캐스트가 필요합니다.
  MapBit.cpp
C:\Program Files (x86)\Windows Kits\10\Include\10.0.18362.0\um\winuser.h(9153,1): message : 'MessageBoxW' 선언을 참조하십시오.
D:\Atence\visual\Circus\Circus\MapBit.cpp(22,132): error C2664: 'HANDLE LoadImageW(HINSTANCE,LPCWSTR,UINT,int,int,UINT)': 인수 2을(를) 'const char [14]'에서 'LPCWSTR'(으)로 변환할 수 없습니다.
D:\Atence\visual\Circus\Circus\MapBit.cpp(22,41): message : 가리킨 형식이 관련이 없습니다. 변환하려면 reinterpret_cast, C 스타일 캐스트 또는 함수 스타일 캐스트가 필요합니다.
C:\Program Files (x86)\Windows Kits\10\Include\10.0.18362.0\um\winuser.h(10815,1): message : 'LoadImageW' 선언을 참조하십시오.
D:\Atence\visual\Circus\Circus\MapBit.cpp(27,135): error C2664: 'HANDLE LoadImageW(HINSTANCE,LPCWSTR,UINT,int,int,UINT)': 인수 2을(를) 'const char [19]'에서 'LPCWSTR'(으)로 변환할 수 없습니다.
D:\Atence\visual\Circus\Circus\MapBit.cpp(27,39): message : 가리킨 형식이 관련이 없습니다. 변환하려면 reinterpret_cast, C 스타일 캐스트 또는 함수 스타일 캐스트가 필요합니다.
C:\Program Files (x86)\Windows Kits\10\Include\10.0.18362.0\um\winuser.h(10815,1): message : 'LoadImageW' 선언을 참조하십시오.
D:\Atence\visual\Circus\Circus\MapBit.cpp(33,44): error C2664: 'int wsprintfW(LPWSTR,LPCWSTR,...)': 인수 2을(를) 'const char [23]'에서 'LPCWSTR'(으)로 변환할 수 없습니다.
D:\Atence\visual\Circus\Circus\MapBit.cpp(33,17): message : 가리킨 형식이 관련이 없습니다. 변환하려면 reinterpret_cast, C 스타일 캐스트 또는 함수 스타일 캐스트가 필요합니다.
C:\Program Files (x86)\Windows Kits\10\Include\10.0.18362.0\um\winuser.h(333,1): message : 'wsprintfW' 선언을 참조하십시오.
D:\Atence\visual\Circus\Circus\MapBit.cpp(47,132): error C2664: 'HANDLE LoadImageW(HINSTANCE,LPCWSTR,UINT,int,int,UINT)': 인수 2을(를) 'const char [15]'에서 'LPCWSTR'(으)로 변환할 수 없습니다.
D:\Atence\visual\Circus\Circus\MapBit.cpp(47,40): message : 가리킨 형식이 관련이 없습니다. 변환하려면 reinterpret_cast, C 스타일 캐스트 또는 함수 스타일 캐스트가 필요합니다.
C:\Program Files (x86)\Windows Kits\10\Include\10.0.18362.0\um\winuser.h(10815,1): message : 'LoadImageW' 선언을 참조하십시오.
D:\Atence\visual\Circus\Circus\MapBit.cpp(76,88): error C2664: 'HFONT CreateFontW(int,int,int,int,int,DWORD,DWORD,DWORD,DWORD,DWORD,DWORD,DWORD,DWORD,LPCWSTR)': 인수 14을(를) 'const char [9]'에서 'LPCWSTR'(으)로 변환할 수 없습니다.
D:\Atence\visual\Circus\Circus\MapBit.cpp(76,74): message : 가리킨 형식이 관련이 없습니다. 변환하려면 reinterpret_cast, C 스타일 캐스트 또는 함수 스타일 캐스트가 필요합니다.
C:\Program Files (x86)\Windows Kits\10\Include\10.0.18362.0\um\wingdi.h(3782,26): message : 'CreateFontW' 선언을 참조하십시오.
D:\Atence\visual\Circus\Circus\MapBit.cpp(92,63): warning C4244: '인수': 'double'에서 'int'(으)로 변환하면서 데이터가 손실될 수 있습니다.
D:\Atence\visual\Circus\Circus\MapBit.cpp(99,72): warning C4244: '인수': 'double'에서 'int'(으)로 변환하면서 데이터가 손실될 수 있습니다.
D:\Atence\visual\Circus\Circus\MapBit.cpp(99,53): warning C4244: '인수': 'double'에서 'int'(으)로 변환하면서 데이터가 손실될 수 있습니다.
D:\Atence\visual\Circus\Circus\MapBit.cpp(108,96): warning C4244: '인수': 'double'에서 'int'(으)로 변환하면서 데이터가 손실될 수 있습니다.
D:\Atence\visual\Circus\Circus\MapBit.cpp(108,72): warning C4244: '인수': 'double'에서 'int'(으)로 변환하면서 데이터가 손실될 수 있습니다.
D:\Atence\visual\Circus\Circus\MapBit.cpp(113,82): warning C4244: '인수': 'double'에서 'int'(으)로 변환하면서 데이터가 손실될 수 있습니다.
D:\Atence\visual\Circus\Circus\MapBit.cpp(113,58): warning C4244: '인수': 'double'에서 'int'(으)로 변환하면서 데이터가 손실될 수 있습니다.
D:\Atence\visual\Circus\Circus\MapBit.cpp(120,31): error C2664: 'int wsprintfW(LPWSTR,LPCWSTR,...)': 인수 2을(를) 'const char [4]'에서 'LPCWSTR'(으)로 변환할 수 없습니다.
D:\Atence\visual\Circus\Circus\MapBit.cpp(120,23): message : 가리킨 형식이 관련이 없습니다. 변환하려면 reinterpret_cast, C 스타일 캐스트 또는 함수 스타일 캐스트가 필요합니다.
C:\Program Files (x86)\Windows Kits\10\Include\10.0.18362.0\um\winuser.h(333,1): message : 'wsprintfW' 선언을 참조하십시오.
D:\Atence\visual\Circus\Circus\MapBit.cpp(121,76): warning C4244: '인수': 'double'에서 'int'(으)로 변환하면서 데이터가 손실될 수 있습니다.
D:\Atence\visual\Circus\Circus\MapBit.cpp(121,56): warning C4244: '인수': 'double'에서 'int'(으)로 변환하면서 데이터가 손실될 수 있습니다.
D:\Atence\visual\Circus\Circus\MapBit.cpp(123,67): error C2664: 'size_t strlen(const char *)': 인수 1을(를) 'TCHAR [256]'에서 'const char *'(으)로 변환할 수 없습니다.
D:\Atence\visual\Circus\Circus\MapBit.cpp(123,58): message : 가리킨 형식이 관련이 없습니다. 변환하려면 reinterpret_cast, C 스타일 캐스트 또는 함수 스타일 캐스트가 필요합니다.
C:\Program Files (x86)\Windows Kits\10\Include\10.0.18362.0\ucrt\string.h(219,16): message : 'strlen' 선언을 참조하십시오.
D:\Atence\visual\Circus\Circus\MapBit.cpp(123,68): error C2660: 'TextOutW': 함수는 4개의 인수를 사용하지 않습니다.
C:\Program Files (x86)\Windows Kits\10\Include\10.0.18362.0\um\wingdi.h(5101,25): message : 'TextOutW' 선언을 참조하십시오.
D:\Atence\visual\Circus\Circus\MapBit.cpp(135,84): warning C4244: '인수': 'double'에서 'int'(으)로 변환하면서 데이터가 손실될 수 있습니다.
D:\Atence\visual\Circus\Circus\MapBit.cpp(135,60): warning C4244: '인수': 'double'에서 'int'(으)로 변환하면서 데이터가 손실될 수 있습니다.
D:\Atence\visual\Circus\Circus\MapBit.cpp(139,84): warning C4244: '인수': 'double'에서 'int'(으)로 변환하면서 데이터가 손실될 수 있습니다.
  ObjectBit.cpp
D:\Atence\visual\Circus\Circus\MapBit.cpp(139,60): warning C4244: '인수': 'double'에서 'int'(으)로 변환하면서 데이터가 손실될 수 있습니다.
D:\Atence\visual\Circus\Circus\ObjectBit.cpp(16,132): error C2664: 'HANDLE LoadImageW(HINSTANCE,LPCWSTR,UINT,int,int,UINT)': 인수 2을(를) 'const char [13]'에서 'LPCWSTR'(으)로 변환할 수 없습니다.
D:\Atence\visual\Circus\Circus\ObjectBit.cpp(16,41): message : 가리킨 형식이 관련이 없습니다. 변환하려면 reinterpret_cast, C 스타일 캐스트 또는 함수 스타일 캐스트가 필요합니다.
C:\Program Files (x86)\Windows Kits\10\Include\10.0.18362.0\um\winuser.h(10815,1): message : 'LoadImageW' 선언을 참조하십시오.
D:\Atence\visual\Circus\Circus\ObjectBit.cpp(24,129): error C2664: 'HANDLE LoadImageW(HINSTANCE,LPCWSTR,UINT,int,int,UINT)': 인수 2을(를) 'const char [12]'에서 'LPCWSTR'(으)로 변환할 수 없습니다.
D:\Atence\visual\Circus\Circus\ObjectBit.cpp(24,39): message : 가리킨 형식이 관련이 없습니다. 변환하려면 reinterpret_cast, C 스타일 캐스트 또는 함수 스타일 캐스트가 필요합니다.
C:\Program Files (x86)\Windows Kits\10\Include\10.0.18362.0\um\winuser.h(10815,1): message : 'LoadImageW' 선언을 참조하십시오.
D:\Atence\visual\Circus\Circus\ObjectBit.cpp(32,89): error C2664: 'HFONT CreateFontW(int,int,int,int,int,DWORD,DWORD,DWORD,DWORD,DWORD,DWORD,DWORD,DWORD,LPCWSTR)': 인수 14을(를) 'const char [9]'에서 'LPCWSTR'(으)로 변환할 수 없습니다.
D:\Atence\visual\Circus\Circus\ObjectBit.cpp(32,75): message : 가리킨 형식이 관련이 없습니다. 변환하려면 reinterpret_cast, C 스타일 캐스트 또는 함수 스타일 캐스트가 필요합니다.
C:\Program Files (x86)\Windows Kits\10\Include\10.0.18362.0\um\wingdi.h(3782,26): message : 'CreateFontW' 선언을 참조하십시오.
D:\Atence\visual\Circus\Circus\ObjectBit.cpp(49,18): warning C4244: '=': 'double'에서 'int'(으)로 변환하면서 데이터가 손실될 수 있습니다.
D:\Atence\visual\Circus\Circus\ObjectBit.cpp(50,18): warning C4244: '=': 'double'에서 'int'(으)로 변환하면서 데이터가 손실될 수 있습니다.
D:\Atence\visual\Circus\Circus\ObjectBit.cpp(63,40): warning C4244: '인수': 'float'에서 'int'(으)로 변환하면서 데이터가 손실될 수 있습니다.
D:\Atence\visual\Circus\Circus\ObjectBit.cpp(68,66): warning C4244: '인수': 'double'에서 'int'(으)로 변환하면서 데이터가 손실될 수 있습니다.
D:\Atence\visual\Circus\Circus\ObjectBit.cpp(68,47): warning C4244: '인수': 'double'에서 'int'(으)로 변환하면서 데이터가 손실될 수 있습니다.
D:\Atence\visual\Circus\Circus\ObjectBit.cpp(70,55): error C2664: 'int wsprintfW(LPWSTR,LPCWSTR,...)': 인수 2을(를) 'const char [10]'에서 'LPCWSTR'(으)로 변환할 수 없습니다.
D:\Atence\visual\Circus\Circus\ObjectBit.cpp(70,22): message : 가리킨 형식이 관련이 없습니다. 변환하려면 reinterpret_cast, C 스타일 캐스트 또는 함수 스타일 캐스트가 필요합니다.
C:\Program Files (x86)\Windows Kits\10\Include\10.0.18362.0\um\winuser.h(333,1): message : 'wsprintfW' 선언을 참조하십시오.
D:\Atence\visual\Circus\Circus\ObjectBit.cpp(71,61): error C2664: 'size_t strlen(const char *)': 인수 1을(를) 'TCHAR [256]'에서 'const char *'(으)로 변환할 수 없습니다.
D:\Atence\visual\Circus\Circus\ObjectBit.cpp(71,52): message : 가리킨 형식이 관련이 없습니다. 변환하려면 reinterpret_cast, C 스타일 캐스트 또는 함수 스타일 캐스트가 필요합니다.
C:\Program Files (x86)\Windows Kits\10\Include\10.0.18362.0\ucrt\string.h(219,16): message : 'strlen' 선언을 참조하십시오.
D:\Atence\visual\Circus\Circus\ObjectBit.cpp(71,62): error C2660: 'TextOutW': 함수는 4개의 인수를 사용하지 않습니다.
  PlayerBit.cpp
C:\Program Files (x86)\Windows Kits\10\Include\10.0.18362.0\um\wingdi.h(5101,25): message : 'TextOutW' 선언을 참조하십시오.
D:\Atence\visual\Circus\Circus\PlayerBit.cpp(23,39): error C2664: 'int wsprintfW(LPWSTR,LPCWSTR,...)': 인수 2을(를) 'const char [18]'에서 'LPCWSTR'(으)로 변환할 수 없습니다.
D:\Atence\visual\Circus\Circus\PlayerBit.cpp(23,17): message : 가리킨 형식이 관련이 없습니다. 변환하려면 reinterpret_cast, C 스타일 캐스트 또는 함수 스타일 캐스트가 필요합니다.
C:\Program Files (x86)\Windows Kits\10\Include\10.0.18362.0\um\winuser.h(333,1): message : 'wsprintfW' 선언을 참조하십시오.
D:\Atence\visual\Circus\Circus\PlayerBit.cpp(35,134): error C2664: 'HANDLE LoadImageW(HINSTANCE,LPCWSTR,UINT,int,int,UINT)': 인수 2을(를) 'const char [12]'에서 'LPCWSTR'(으)로 변환할 수 없습니다.
D:\Atence\visual\Circus\Circus\PlayerBit.cpp(35,44): message : 가리킨 형식이 관련이 없습니다. 변환하려면 reinterpret_cast, C 스타일 캐스트 또는 함수 스타일 캐스트가 필요합니다.
C:\Program Files (x86)\Windows Kits\10\Include\10.0.18362.0\um\winuser.h(10815,1): message : 'LoadImageW' 선언을 참조하십시오.
D:\Atence\visual\Circus\Circus\PlayerBit.cpp(43,134): error C2664: 'HANDLE LoadImageW(HINSTANCE,LPCWSTR,UINT,int,int,UINT)': 인수 2을(를) 'const char [12]'에서 'LPCWSTR'(으)로 변환할 수 없습니다.
D:\Atence\visual\Circus\Circus\PlayerBit.cpp(43,44): message : 가리킨 형식이 관련이 없습니다. 변환하려면 reinterpret_cast, C 스타일 캐스트 또는 함수 스타일 캐스트가 필요합니다.
C:\Program Files (x86)\Windows Kits\10\Include\10.0.18362.0\um\winuser.h(10815,1): message : 'LoadImageW' 선언을 참조하십시오.
D:\Atence\visual\Circus\Circus\PlayerBit.cpp(48,135): error C2664: 'HANDLE LoadImageW(HINSTANCE,LPCWSTR,UINT,int,int,UINT)': 인수 2을(를) 'const char [13]'에서 'LPCWSTR'(으)로 변환할 수 없습니다.
D:\Atence\visual\Circus\Circus\PlayerBit.cpp(48,44): message : 가리킨 형식이 관련이 없습니다. 변환하려면 reinterpret_cast, C 스타일 캐스트 또는 함수 스타일 캐스트가 필요합니다.
C:\Program Files (x86)\Windows Kits\10\Include\10.0.18362.0\um\winuser.h(10815,1): message : 'LoadImageW' 선언을 참조하십시오.
D:\Atence\visual\Circus\Circus\PlayerBit.cpp(60,15): warning C4244: '=': 'float'에서 'int'(으)로 변환하면서 데이터가 손실될 수 있습니다.
D:\Atence\visual\Circus\Circus\PlayerBit.cpp(61,15): warning C4244: '=': 'float'에서 'int'(으)로 변환하면서 데이터가 손실될 수 있습니다.
D:\Atence\visual\Circus\Circus\PlayerBit.cpp(62,18): warning C4244: '=': 'double'에서 'int'(으)로 변환하면서 데이터가 손실될 수 있습니다.
D:\Atence\visual\Circus\Circus\PlayerBit.cpp(63,18): warning C4244: '=': 'double'에서 'int'(으)로 변환하면서 데이터가 손실될 수 있습니다.
D:\Atence\visual\Circus\Circus\PlayerBit.cpp(116,69): warning C4244: '인수': 'double'에서 'int'(으)로 변환하면서 데이터가 손실될 수 있습니다.
D:\Atence\visual\Circus\Circus\PlayerBit.cpp(116,50): warning C4244: '인수': 'double'에서 'int'(으)로 변환하면서 데이터가 손실될 수 있습니다.
D:\Atence\visual\Circus\Circus\PlayerBit.cpp(116,31): warning C4244: '인수': 'float'에서 'int'(으)로 변환하면서 데이터가 손실될 수 있습니다.
  winMain.cpp
  코드를 생성하고 있습니다...
D:\Atence\visual\Circus\Circus\PlayerBit.cpp(116,24): warning C4244: '인수': 'float'에서 'int'(으)로 변환하면서 데이터가 손실될 수 있습니다.
