  GameManager.cpp
D:\Atence\visual\Mine_Serch\Project1\MapDraw.h(17,17): warning C4838:  'int'에서 'SHORT'(으)로의 변환에는 축소 변환이 필요합니다.
D:\Atence\visual\Mine_Serch\Project1\MapDraw.h(17,20): warning C4838:  'int'에서 'SHORT'(으)로의 변환에는 축소 변환이 필요합니다.
D:\Atence\visual\Mine_Serch\Project1\GameManager.cpp(106,1): warning C4996:  'getch': The POSIX name for this item is deprecated. Instead, use the ISO C and C++ conformant name: _getch. See online help for details.
  MapManager.cpp
C:\Program Files (x86)\Windows Kits\10\Include\10.0.18362.0\ucrt\conio.h(453): message :  'getch' 선언을 참조하십시오.
D:\Atence\visual\Mine_Serch\Project1\MapDraw.h(17,17): warning C4838:  'int'에서 'SHORT'(으)로의 변환에는 축소 변환이 필요합니다.
  Player.cpp
D:\Atence\visual\Mine_Serch\Project1\MapDraw.h(17,20): warning C4838:  'int'에서 'SHORT'(으)로의 변환에는 축소 변환이 필요합니다.
D:\Atence\visual\Mine_Serch\Project1\MapDraw.h(17,17): warning C4838:  'int'에서 'SHORT'(으)로의 변환에는 축소 변환이 필요합니다.
D:\Atence\visual\Mine_Serch\Project1\MapDraw.h(17,20): warning C4838:  'int'에서 'SHORT'(으)로의 변환에는 축소 변환이 필요합니다.
D:\Atence\visual\Mine_Serch\Project1\Player.cpp(58,1): warning C4996:  'kbhit': The POSIX name for this item is deprecated. Instead, use the ISO C and C++ conformant name: _kbhit. See online help for details.
C:\Program Files (x86)\Windows Kits\10\Include\10.0.18362.0\ucrt\conio.h(459): message :  'kbhit' 선언을 참조하십시오.
D:\Atence\visual\Mine_Serch\Project1\Player.cpp(60,1): warning C4996:  'getch': The POSIX name for this item is deprecated. Instead, use the ISO C and C++ conformant name: _getch. See online help for details.
  main.cpp
C:\Program Files (x86)\Windows Kits\10\Include\10.0.18362.0\ucrt\conio.h(453): message :  'getch' 선언을 참조하십시오.
D:\Atence\visual\Mine_Serch\Project1\MapDraw.h(17,17): warning C4838:  'int'에서 'SHORT'(으)로의 변환에는 축소 변환이 필요합니다.
D:\Atence\visual\Mine_Serch\Project1\MapDraw.h(17,20): warning C4838:  'int'에서 'SHORT'(으)로의 변환에는 축소 변환이 필요합니다.
  코드를 생성하고 있습니다...
D:\Atence\visual\Mine_Serch\Project1\main.cpp(10,12): warning C4244:  '인수': 'time_t'에서 'unsigned int'(으)로 변환하면서 데이터가 손실될 수 있습니다.
  Project1.vcxproj -> D:\Atence\visual\Mine_Serch\x64\Debug\Project1.exe
