d:\atence\visual\bitmap_card\bitmap_card\debug\vc142.pdb
d:\atence\visual\bitmap_card\bitmap_card\debug\vc142.idb
d:\atence\visual\bitmap_card\bitmap_card\debug\winmain.obj
d:\atence\visual\bitmap_card\bitmap_card\debug\gamemanager.obj
d:\atence\visual\bitmap_card\bitmap_card\debug\cardgame.obj
d:\atence\visual\bitmap_card\bitmap_card\debug\cardmanager.obj
d:\atence\visual\bitmap_card\bitmap_card\debug\card.obj
d:\atence\visual\bitmap_card\bitmap_card\debug\bouncecircle.obj
d:\atence\visual\bitmap_card\bitmap_card\debug\bitmapmanager.obj
d:\atence\visual\bitmap_card\bitmap_card\debug\bitmap.obj
d:\atence\visual\bitmap_card\debug\bitmap_card.exe
d:\atence\visual\bitmap_card\debug\bitmap_card.ilk
d:\atence\visual\bitmap_card\debug\bitmap_card.pdb
d:\atence\visual\bitmap_card\bitmap_card\debug\bitmap_card.res
d:\atence\visual\bitmap_card\bitmap_card\debug\bitmap_card.tlog\cl.command.1.tlog
d:\atence\visual\bitmap_card\bitmap_card\debug\bitmap_card.tlog\cl.read.1.tlog
d:\atence\visual\bitmap_card\bitmap_card\debug\bitmap_card.tlog\cl.write.1.tlog
d:\atence\visual\bitmap_card\bitmap_card\debug\bitmap_card.tlog\link.command.1.tlog
d:\atence\visual\bitmap_card\bitmap_card\debug\bitmap_card.tlog\link.read.1.tlog
d:\atence\visual\bitmap_card\bitmap_card\debug\bitmap_card.tlog\link.write.1.tlog
d:\atence\visual\bitmap_card\bitmap_card\debug\bitmap_card.tlog\rc.command.1.tlog
d:\atence\visual\bitmap_card\bitmap_card\debug\bitmap_card.tlog\rc.read.1.tlog
d:\atence\visual\bitmap_card\bitmap_card\debug\bitmap_card.tlog\rc.write.1.tlog
